I 1 5114.766628600
E 0 2 0 0.000026500 94268456530208 8
E 0 3 0 0.000029100 94268456530216 8
E 0 4 0 0.000030000 94268456530224 8
E 0 5 0 0.000030900 94268456530232 8
E 0 6 0 0.000031800 94268456530240 8
E 0 7 0 0.000032800 94268456530248 8
E 0 8 0 0.000033700 94268456530256 8
E 0 9 0 0.000034600 94268456530264 8
E 0 10 0 0.000035600 94268456530272 8
E 0 11 0 0.000036600 94268456530280 8
E 0 12 0 0.000037500 94268456530288 8
E 0 13 0 0.000038500 94268456530296 8
E 0 14 0 0.000039400 94268456530304 8
E 0 15 0 0.000040400 94268456530312 8
E 0 16 0 0.000041300 94268456530320 8
E 0 17 0 0.000042200 94268456530328 8
E 0 18 0 0.000043200 94268456530336 8
E 0 19 0 0.000044100 94268456530344 8
E 0 20 0 0.000045000 94268456530352 8
E 0 21 0 0.000046000 94268456530360 8
E 0 22 0 0.000047600 94268456530208 8
E 0 23 0 0.000048600 94268456530216 8
E 0 24 0 0.000049600 94268456530224 8
E 0 25 0 0.000050500 94268456530232 8
E 0 26 0 0.000051500 94268456530240 8
E 0 27 0 0.000052500 94268456530248 8
E 0 28 0 0.000053300 94268456530256 8
E 0 29 0 0.000054100 94268456530264 8
E 0 30 0 0.000054700 94268456530272 8
E 0 31 0 0.000055500 94268456530280 8
E 0 32 0 0.000056100 94268456530288 8
E 0 33 0 0.000056800 94268456530296 8
E 0 34 0 0.000057500 94268456530304 8
E 0 35 0 0.000058200 94268456530312 8
E 0 36 0 0.000058900 94268456530320 8
E 0 37 0 0.000059500 94268456530328 8
E 0 38 0 0.000060200 94268456530336 8
E 0 39 0 0.000060900 94268456530344 8
E 0 40 0 0.000061500 94268456530352 8
E 0 41 0 0.000062200 94268456530360 8
E 0 42 1 0.000063100 94268456530384 8
E 0 43 1 0.000063800 94268456530392 8
E 0 44 1 0.000064500 94268456530400 8
E 0 45 1 0.000065200 94268456530408 8
E 0 46 1 0.000065800 94268456530416 8
E 0 47 1 0.000066500 94268456530424 8
E 0 48 1 0.000067200 94268456530432 8
E 0 49 1 0.000067900 94268456530440 8
E 0 50 1 0.000068600 94268456530448 8
E 0 51 1 0.000069300 94268456530456 8
E 0 52 1 0.000070000 94268456530464 8
E 0 53 1 0.000070700 94268456530472 8
E 0 54 1 0.000071400 94268456530480 8
E 0 55 1 0.000072100 94268456530488 8
E 0 56 1 0.000073200 94268456530496 8
E 0 57 1 0.000073800 94268456530504 8
E 0 58 1 0.000074500 94268456530512 8
E 0 59 1 0.000075200 94268456530520 8
E 0 60 1 0.000075900 94268456530528 8
E 0 61 1 0.000076600 94268456530536 8
E 0 62 1 0.000077400 94268456530384 8
E 0 63 1 0.000078200 94268456530392 8
E 0 64 1 0.000078900 94268456530400 8
E 0 65 1 0.000079600 94268456530408 8
E 0 66 1 0.000080300 94268456530416 8
E 0 67 1 0.000080900 94268456530424 8
E 0 68 1 0.000081600 94268456530432 8
E 0 69 1 0.000082400 94268456530440 8
E 0 70 1 0.000083100 94268456530448 8
E 0 71 1 0.000083800 94268456530456 8
E 0 72 1 0.000084500 94268456530464 8
E 0 73 1 0.000085200 94268456530472 8
E 0 74 1 0.000086000 94268456530480 8
E 0 75 1 0.000086700 94268456530488 8
E 0 76 1 0.000087300 94268456530496 8
E 0 77 1 0.000088000 94268456530504 8
E 0 78 1 0.000088700 94268456530512 8
E 0 79 1 0.000089600 94268456530520 8
E 0 80 1 0.000090400 94268456530528 8
E 0 81 1 0.000091100 94268456530536 8
E 0 82 2 0.000092000 94268456530560 8
E 0 83 2 0.000092800 94268456530568 8
E 0 84 2 0.000093500 94268456530576 8
E 0 85 2 0.000094200 94268456530584 8
E 0 86 2 0.000094900 94268456530592 8
E 0 87 2 0.000095600 94268456530600 8
E 0 88 2 0.000096300 94268456530608 8
E 0 89 2 0.000097000 94268456530616 8
E 0 90 2 0.000097600 94268456530624 8
E 0 91 2 0.000098400 94268456530632 8
E 0 92 2 0.000099100 94268456530640 8
E 0 93 2 0.000099900 94268456530648 8
E 0 94 2 0.000100500 94268456530656 8
E 0 95 2 0.000101300 94268456530664 8
E 0 96 2 0.000101900 94268456530672 8
E 0 97 2 0.000102600 94268456530680 8
E 0 98 2 0.000103300 94268456530688 8
E 0 99 2 0.000104000 94268456530696 8
E 0 100 2 0.000104800 94268456530704 8
E 0 101 2 0.000105500 94268456530712 8
L 1 102 0 0.000106400 94268456530208 8
L 1 103 0 0.000107400 94268456530216 8
L 1 104 0 0.000108300 94268456530224 8
L 1 105 0 0.000109200 94268456530232 8
L 1 106 0 0.000110000 94268456530240 8
L 1 107 0 0.000110700 94268456530248 8
L 1 108 0 0.000111500 94268456530256 8
L 1 109 0 0.000112400 94268456530264 8
L 1 110 0 0.000145600 94268456530272 8
L 1 111 0 0.000146500 94268456530280 8
L 1 112 0 0.000147100 94268456530288 8
L 1 113 0 0.000147800 94268456530296 8
L 1 114 0 0.000148600 94268456530304 8
L 1 115 0 0.000149300 94268456530312 8
L 1 116 0 0.000150000 94268456530320 8
L 1 117 0 0.000150700 94268456530328 8
L 1 118 0 0.000151600 94268456530336 8
L 1 119 0 0.000152300 94268456530344 8
L 1 120 0 0.000192800 94268456530352 8
L 1 121 0 0.000194600 94268456530360 8
L 1 122 1 0.000195500 94268456530384 8
L 1 123 1 0.000196300 94268456530392 8
L 1 124 1 0.000197000 94268456530400 8
L 1 125 1 0.000197900 94268456530408 8
L 1 126 1 0.000198600 94268456530416 8
L 1 127 1 0.000199300 94268456530424 8
L 1 128 1 0.000200100 94268456530432 8
L 1 129 1 0.000200800 94268456530440 8
L 1 130 1 0.000201600 94268456530448 8
L 1 131 1 0.000202400 94268456530456 8
L 1 132 1 0.000203000 94268456530464 8
L 1 133 1 0.000203700 94268456530472 8
L 1 134 1 0.000204400 94268456530480 8
L 1 135 1 0.000205100 94268456530488 8
L 1 136 1 0.000205800 94268456530496 8
L 1 137 1 0.000206500 94268456530504 8
L 1 138 1 0.000207200 94268456530512 8
L 1 139 1 0.000207900 94268456530520 8
L 1 140 1 0.000208700 94268456530528 8
L 1 141 1 0.000209400 94268456530536 8
L 1 142 2 0.000210300 94268456530560 8
L 1 143 2 0.000211100 94268456530568 8
L 1 144 2 0.000211900 94268456530576 8
L 1 145 2 0.000212700 94268456530584 8
L 1 146 2 0.000213500 94268456530592 8
L 1 147 2 0.000214400 94268456530600 8
L 1 148 2 0.000215100 94268456530608 8
L 1 149 2 0.000215800 94268456530616 8
L 1 150 2 0.000216600 94268456530624 8
L 1 151 2 0.000217400 94268456530632 8
L 1 152 2 0.000218200 94268456530640 8
L 1 153 2 0.000218900 94268456530648 8
L 1 154 2 0.000219700 94268456530656 8
L 1 155 2 0.000220500 94268456530664 8
L 1 156 2 0.000221200 94268456530672 8
L 1 157 2 0.000222000 94268456530680 8
L 1 158 2 0.000222700 94268456530688 8
L 1 159 2 0.000223500 94268456530696 8
L 1 160 2 0.000224300 94268456530704 8
L 1 161 2 0.000225300 94268456530712 8
L 1 162 0 0.000226600 94268456530208 8
L 1 163 1 0.000227800 94268456530384 8
L 1 164 0 0.000228600 94268456530216 8
L 1 165 1 0.000229200 94268456530392 8
L 1 166 0 0.000230000 94268456530224 8
L 1 167 1 0.000230600 94268456530400 8
L 1 168 0 0.000231300 94268456530232 8
L 1 169 1 0.000232000 94268456530408 8
L 1 170 0 0.000232800 94268456530240 8
L 1 171 1 0.000233400 94268456530416 8
L 1 172 0 0.000234100 94268456530248 8
L 1 173 1 0.000234800 94268456530424 8
L 1 174 0 0.000235600 94268456530256 8
L 1 175 1 0.000236300 94268456530432 8
L 1 176 0 0.000237000 94268456530264 8
L 1 177 1 0.000237600 94268456530440 8
L 1 178 0 0.000238200 94268456530272 8
L 1 179 1 0.000239000 94268456530448 8
L 1 180 0 0.000239600 94268456530280 8
L 1 181 1 0.000240300 94268456530456 8
L 1 182 0 0.000241000 94268456530288 8
L 1 183 1 0.000241700 94268456530464 8
L 1 184 0 0.000242500 94268456530296 8
L 1 185 1 0.000243200 94268456530472 8
L 1 186 0 0.000243900 94268456530304 8
L 1 187 1 0.000244600 94268456530480 8
L 1 188 0 0.000245300 94268456530312 8
L 1 189 1 0.000246000 94268456530488 8
L 1 190 0 0.000246600 94268456530320 8
L 1 191 1 0.000247400 94268456530496 8
L 1 192 0 0.000248000 94268456530328 8
L 1 193 1 0.000248700 94268456530504 8
L 1 194 0 0.000249500 94268456530336 8
L 1 195 1 0.000250300 94268456530512 8
L 1 196 0 0.000251200 94268456530344 8
L 1 197 1 0.000252000 94268456530520 8
L 1 198 0 0.000252900 94268456530352 8
L 1 199 1 0.000253600 94268456530528 8
L 1 200 0 0.000254300 94268456530360 8
L 1 201 1 0.000255000 94268456530536 8
F 202 5114.766955500 0.000326900
