I 1 5114.780731500
E 0 2 0 0.000029100 94894947733792 8
E 0 3 0 0.000031200 94894947733800 8
E 0 4 0 0.000032300 94894947733808 8
E 0 5 0 0.000033200 94894947733816 8
E 0 6 0 0.000034100 94894947733824 8
E 0 7 0 0.000035100 94894947733832 8
E 0 8 0 0.000036000 94894947733840 8
E 0 9 0 0.000036900 94894947733848 8
E 0 10 0 0.000037800 94894947733856 8
E 0 11 0 0.000038800 94894947733864 8
E 0 12 0 0.000039700 94894947733872 8
E 0 13 0 0.000040600 94894947733880 8
E 0 14 0 0.000041600 94894947733888 8
E 0 15 0 0.000042500 94894947733896 8
E 0 16 0 0.000043500 94894947733904 8
E 0 17 0 0.000044400 94894947733912 8
E 0 18 0 0.000045400 94894947733920 8
E 0 19 0 0.000046300 94894947733928 8
E 0 20 0 0.000047200 94894947733936 8
E 0 21 0 0.000048200 94894947733944 8
E 0 22 0 0.000049700 94894947733792 8
E 0 23 0 0.000050600 94894947733800 8
E 0 24 0 0.000051400 94894947733808 8
E 0 25 0 0.000052100 94894947733816 8
E 0 26 0 0.000052800 94894947733824 8
E 0 27 0 0.000053500 94894947733832 8
E 0 28 0 0.000054400 94894947733840 8
E 0 29 0 0.000055200 94894947733848 8
E 0 30 0 0.000055900 94894947733856 8
E 0 31 0 0.000056600 94894947733864 8
E 0 32 0 0.000057200 94894947733872 8
E 0 33 0 0.000057900 94894947733880 8
E 0 34 0 0.000058600 94894947733888 8
E 0 35 0 0.000059300 94894947733896 8
E 0 36 0 0.000060000 94894947733904 8
E 0 37 0 0.000060800 94894947733912 8
E 0 38 0 0.000093200 94894947733920 8
E 0 39 0 0.000094400 94894947733928 8
E 0 40 0 0.000095300 94894947733936 8
E 0 41 0 0.000096300 94894947733944 8
L 1 42 0 0.000097500 94894947733792 8
L 1 43 0 0.000098600 94894947733800 8
L 1 44 0 0.000099500 94894947733808 8
L 1 45 0 0.000100500 94894947733816 8
L 1 46 0 0.000101500 94894947733824 8
L 1 47 0 0.000102500 94894947733832 8
L 1 48 0 0.000103400 94894947733840 8
L 1 49 0 0.000104300 94894947733848 8
L 1 50 0 0.000105300 94894947733856 8
L 1 51 0 0.000106200 94894947733864 8
L 1 52 0 0.000107100 94894947733872 8
L 1 53 0 0.000108100 94894947733880 8
L 1 54 0 0.000109000 94894947733888 8
L 1 55 0 0.000109900 94894947733896 8
L 1 56 0 0.000110900 94894947733904 8
L 1 57 0 0.000111800 94894947733912 8
L 1 58 0 0.000112700 94894947733920 8
L 1 59 0 0.000113700 94894947733928 8
L 1 60 0 0.000114600 94894947733936 8
L 1 61 0 0.000115600 94894947733944 8
L 1 62 0 0.000116700 94894947733792 8
L 1 63 0 0.000117700 94894947733800 8
L 1 64 0 0.000118600 94894947733808 8
L 1 65 0 0.000119600 94894947733816 8
L 1 66 0 0.000120500 94894947733824 8
L 1 67 0 0.000121500 94894947733832 8
L 1 68 0 0.000122400 94894947733840 8
L 1 69 0 0.000123300 94894947733848 8
L 1 70 0 0.000124300 94894947733856 8
L 1 71 0 0.000125200 94894947733864 8
L 1 72 0 0.000126100 94894947733872 8
L 1 73 0 0.000127100 94894947733880 8
L 1 74 0 0.000128000 94894947733888 8
L 1 75 0 0.000128900 94894947733896 8
L 1 76 0 0.000129800 94894947733904 8
L 1 77 0 0.000130800 94894947733912 8
L 1 78 0 0.000131800 94894947733920 8
L 1 79 0 0.000132700 94894947733928 8
L 1 80 0 0.000133700 94894947733936 8
L 1 81 0 0.000134600 94894947733944 8
F 82 5114.780935400 0.000203900
