I 1 5114.746894600
E 0 2 0 0.000023900 94295035867424 8
E 0 3 0 0.000025700 94295035867432 8
E 0 4 0 0.000026300 94295035867440 8
E 0 5 0 0.000026800 94295035867448 8
E 0 6 0 0.000027200 94295035867456 8
E 0 7 0 0.000027700 94295035867464 8
E 0 8 0 0.000028200 94295035867472 8
E 0 9 0 0.000041500 94295035867480 8
E 0 10 0 0.000042100 94295035867488 8
E 0 11 0 0.000042700 94295035867496 8
E 0 12 0 0.000043200 94295035867504 8
E 0 13 0 0.000043600 94295035867512 8
E 0 14 0 0.000044100 94295035867520 8
E 0 15 0 0.000044600 94295035867528 8
E 0 16 0 0.000045000 94295035867536 8
E 0 17 0 0.000045500 94295035867544 8
E 0 18 0 0.000046000 94295035867552 8
E 0 19 0 0.000046500 94295035867560 8
E 0 20 0 0.000046900 94295035867568 8
E 0 21 0 0.000047500 94295035867576 8
E 0 22 0 0.000048600 94295035867424 8
E 0 23 0 0.000049100 94295035867432 8
E 0 24 0 0.000049600 94295035867440 8
E 0 25 0 0.000050100 94295035867448 8
E 0 26 0 0.000050600 94295035867456 8
E 0 27 0 0.000051000 94295035867464 8
E 0 28 0 0.000051500 94295035867472 8
E 0 29 0 0.000052000 94295035867480 8
E 0 30 0 0.000052500 94295035867488 8
E 0 31 0 0.000053000 94295035867496 8
E 0 32 0 0.000053500 94295035867504 8
E 0 33 0 0.000054000 94295035867512 8
E 0 34 0 0.000054500 94295035867520 8
E 0 35 0 0.000055000 94295035867528 8
E 0 36 0 0.000055500 94295035867536 8
E 0 37 0 0.000056000 94295035867544 8
E 0 38 0 0.000056400 94295035867552 8
E 0 39 0 0.000056900 94295035867560 8
E 0 40 0 0.000057400 94295035867568 8
E 0 41 0 0.000057900 94295035867576 8
E 0 42 1 0.000058700 94295035867600 8
E 0 43 1 0.000059200 94295035867608 8
E 0 44 1 0.000059700 94295035867616 8
E 0 45 1 0.000060200 94295035867624 8
E 0 46 1 0.000060700 94295035867632 8
E 0 47 1 0.000061100 94295035867640 8
E 0 48 1 0.000061600 94295035867648 8
E 0 49 1 0.000062100 94295035867656 8
E 0 50 1 0.000062600 94295035867664 8
E 0 51 1 0.000063000 94295035867672 8
E 0 52 1 0.000063500 94295035867680 8
E 0 53 1 0.000064000 94295035867688 8
E 0 54 1 0.000064500 94295035867696 8
E 0 55 1 0.000065000 94295035867704 8
E 0 56 1 0.000065400 94295035867712 8
E 0 57 1 0.000065900 94295035867720 8
E 0 58 1 0.000066400 94295035867728 8
E 0 59 1 0.000066900 94295035867736 8
E 0 60 1 0.000067300 94295035867744 8
E 0 61 1 0.000067800 94295035867752 8
E 0 62 1 0.000068400 94295035867600 8
E 0 63 1 0.000068900 94295035867608 8
E 0 64 1 0.000069300 94295035867616 8
E 0 65 1 0.000069800 94295035867624 8
E 0 66 1 0.000070300 94295035867632 8
E 0 67 1 0.000070800 94295035867640 8
E 0 68 1 0.000071300 94295035867648 8
E 0 69 1 0.000071800 94295035867656 8
E 0 70 1 0.000072200 94295035867664 8
E 0 71 1 0.000072800 94295035867672 8
E 0 72 1 0.000073200 94295035867680 8
E 0 73 1 0.000073700 94295035867688 8
E 0 74 1 0.000074200 94295035867696 8
E 0 75 1 0.000074700 94295035867704 8
E 0 76 1 0.000075200 94295035867712 8
E 0 77 1 0.000075700 94295035867720 8
E 0 78 1 0.000076100 94295035867728 8
E 0 79 1 0.000076600 94295035867736 8
E 0 80 1 0.000077100 94295035867744 8
E 0 81 1 0.000077600 94295035867752 8
E 0 82 2 0.000078300 94295035867776 8
E 0 83 2 0.000078800 94295035867784 8
E 0 84 2 0.000079200 94295035867792 8
E 0 85 2 0.000079700 94295035867800 8
E 0 86 2 0.000080200 94295035867808 8
E 0 87 2 0.000080700 94295035867816 8
E 0 88 2 0.000081100 94295035867824 8
E 0 89 2 0.000081600 94295035867832 8
E 0 90 2 0.000082100 94295035867840 8
E 0 91 2 0.000082600 94295035867848 8
E 0 92 2 0.000083000 94295035867856 8
E 0 93 2 0.000083500 94295035867864 8
E 0 94 2 0.000084000 94295035867872 8
E 0 95 2 0.000084500 94295035867880 8
E 0 96 2 0.000084900 94295035867888 8
E 0 97 2 0.000085400 94295035867896 8
E 0 98 2 0.000085900 94295035867904 8
E 0 99 2 0.000086400 94295035867912 8
E 0 100 2 0.000086800 94295035867920 8
E 0 101 2 0.000087300 94295035867928 8
L 1 102 0 0.000088000 94295035867424 8
L 1 103 0 0.000088600 94295035867432 8
L 1 104 0 0.000089200 94295035867440 8
L 1 105 0 0.000089600 94295035867448 8
L 1 106 0 0.000090100 94295035867456 8
L 1 107 0 0.000090600 94295035867464 8
L 1 108 0 0.000091100 94295035867472 8
L 1 109 0 0.000091600 94295035867480 8
L 1 110 0 0.000119800 94295035867488 8
L 1 111 0 0.000120400 94295035867496 8
L 1 112 0 0.000120900 94295035867504 8
L 1 113 0 0.000121400 94295035867512 8
L 1 114 0 0.000121900 94295035867520 8
L 1 115 0 0.000122400 94295035867528 8
L 1 116 0 0.000122800 94295035867536 8
L 1 117 0 0.000123300 94295035867544 8
L 1 118 0 0.000123800 94295035867552 8
L 1 119 0 0.000124300 94295035867560 8
L 1 120 0 0.000124800 94295035867568 8
L 1 121 0 0.000125300 94295035867576 8
L 1 122 1 0.000125900 94295035867600 8
L 1 123 1 0.000126400 94295035867608 8
L 1 124 1 0.000126900 94295035867616 8
L 1 125 1 0.000127400 94295035867624 8
L 1 126 1 0.000127900 94295035867632 8
L 1 127 1 0.000128400 94295035867640 8
L 1 128 1 0.000128900 94295035867648 8
L 1 129 1 0.000129300 94295035867656 8
L 1 130 1 0.000129800 94295035867664 8
L 1 131 1 0.000130300 94295035867672 8
L 1 132 1 0.000130800 94295035867680 8
L 1 133 1 0.000131300 94295035867688 8
L 1 134 1 0.000131800 94295035867696 8
L 1 135 1 0.000132300 94295035867704 8
L 1 136 1 0.000132800 94295035867712 8
L 1 137 1 0.000133300 94295035867720 8
L 1 138 1 0.000133800 94295035867728 8
L 1 139 1 0.000134200 94295035867736 8
L 1 140 1 0.000134700 94295035867744 8
L 1 141 1 0.000135200 94295035867752 8
L 1 142 2 0.000135800 94295035867776 8
L 1 143 2 0.000136300 94295035867784 8
L 1 144 2 0.000136800 94295035867792 8
L 1 145 2 0.000137300 94295035867800 8
L 1 146 2 0.000137800 94295035867808 8
L 1 147 2 0.000138300 94295035867816 8
L 1 148 2 0.000138800 94295035867824 8
L 1 149 2 0.000139300 94295035867832 8
L 1 150 2 0.000139800 94295035867840 8
L 1 151 2 0.000140200 94295035867848 8
L 1 152 2 0.000140700 94295035867856 8
L 1 153 2 0.000141200 94295035867864 8
L 1 154 2 0.000141700 94295035867872 8
L 1 155 2 0.000142200 94295035867880 8
L 1 156 2 0.000142700 94295035867888 8
L 1 157 2 0.000143200 94295035867896 8
L 1 158 2 0.000143700 94295035867904 8
L 1 159 2 0.000144200 94295035867912 8
L 1 160 2 0.000144700 94295035867920 8
L 1 161 2 0.000145200 94295035867928 8
E 1 162 2 0.000146000 94295035867952 8
E 1 163 2 0.000146500 94295035867960 8
E 1 164 2 0.000147000 94295035867968 8
E 1 165 2 0.000147500 94295035867976 8
E 1 166 2 0.000148000 94295035867984 8
E 1 167 2 0.000148500 94295035867992 8
E 1 168 2 0.000148900 94295035868000 8
E 1 169 2 0.000149400 94295035868008 8
E 1 170 2 0.000149900 94295035868016 8
E 1 171 2 0.000150400 94295035868024 8
E 1 172 2 0.000150900 94295035868032 8
E 1 173 2 0.000151400 94295035868040 8
E 1 174 2 0.000151800 94295035868048 8
E 1 175 2 0.000152300 94295035868056 8
E 1 176 2 0.000152800 94295035868064 8
E 1 177 2 0.000153300 94295035868072 8
E 1 178 2 0.000153800 94295035868080 8
E 1 179 2 0.000154200 94295035868088 8
E 1 180 2 0.000154700 94295035868096 8
E 1 181 2 0.000155200 94295035868104 8
L 1 182 0 0.000155800 94295035867424 8
L 1 183 1 0.000156300 94295035867600 8
E 1 184 2 0.000156800 94295035867952 8
L 1 185 0 0.000157300 94295035867432 8
L 1 186 1 0.000157800 94295035867608 8
E 1 187 2 0.000158300 94295035867960 8
L 1 188 0 0.000158800 94295035867440 8
L 1 189 1 0.000159200 94295035867616 8
E 1 190 2 0.000159700 94295035867968 8
L 1 191 0 0.000160200 94295035867448 8
L 1 192 1 0.000160700 94295035867624 8
E 1 193 2 0.000161100 94295035867976 8
L 1 194 0 0.000161600 94295035867456 8
L 1 195 1 0.000162100 94295035867632 8
E 1 196 2 0.000162600 94295035867984 8
L 1 197 0 0.000163000 94295035867464 8
L 1 198 1 0.000163500 94295035867640 8
E 1 199 2 0.000164000 94295035867992 8
L 1 200 0 0.000164500 94295035867472 8
L 1 201 1 0.000164900 94295035867648 8
E 1 202 2 0.000165400 94295035868000 8
L 1 203 0 0.000165900 94295035867480 8
L 1 204 1 0.000166400 94295035867656 8
E 1 205 2 0.000166800 94295035868008 8
L 1 206 0 0.000167300 94295035867488 8
L 1 207 1 0.000167800 94295035867664 8
E 1 208 2 0.000168300 94295035868016 8
L 1 209 0 0.000168800 94295035867496 8
L 1 210 1 0.000169200 94295035867672 8
E 1 211 2 0.000169700 94295035868024 8
L 1 212 0 0.000170200 94295035867504 8
L 1 213 1 0.000170700 94295035867680 8
E 1 214 2 0.000171100 94295035868032 8
L 1 215 0 0.000179800 94295035867512 8
L 1 216 1 0.000180400 94295035867688 8
E 1 217 2 0.000180800 94295035868040 8
L 1 218 0 0.000181300 94295035867520 8
L 1 219 1 0.000181800 94295035867696 8
E 1 220 2 0.000182200 94295035868048 8
L 1 221 0 0.000182700 94295035867528 8
L 1 222 1 0.000183200 94295035867704 8
E 1 223 2 0.000183700 94295035868056 8
L 1 224 0 0.000184200 94295035867536 8
L 1 225 1 0.000184600 94295035867712 8
E 1 226 2 0.000185100 94295035868064 8
L 1 227 0 0.000185600 94295035867544 8
L 1 228 1 0.000186100 94295035867720 8
E 1 229 2 0.000186500 94295035868072 8
L 1 230 0 0.000187000 94295035867552 8
L 1 231 1 0.000187500 94295035867728 8
E 1 232 2 0.000188000 94295035868080 8
L 1 233 0 0.000188400 94295035867560 8
L 1 234 1 0.000188900 94295035867736 8
E 1 235 2 0.000189400 94295035868088 8
L 1 236 0 0.000189900 94295035867568 8
L 1 237 1 0.000190400 94295035867744 8
E 1 238 2 0.000190800 94295035868096 8
L 1 239 0 0.000191300 94295035867576 8
L 1 240 1 0.000191800 94295035867752 8
E 1 241 2 0.000192300 94295035868104 8
L 2 242 2 0.000192800 94295035867952 8
L 2 243 2 0.000193300 94295035867960 8
L 2 244 2 0.000193800 94295035867968 8
L 2 245 2 0.000194300 94295035867976 8
L 2 246 2 0.000194800 94295035867984 8
L 2 247 2 0.000195300 94295035867992 8
L 2 248 2 0.000195800 94295035868000 8
L 2 249 2 0.000196200 94295035868008 8
L 2 250 2 0.000196700 94295035868016 8
L 2 251 2 0.000197200 94295035868024 8
L 2 252 2 0.000197700 94295035868032 8
L 2 253 2 0.000198200 94295035868040 8
L 2 254 2 0.000198700 94295035868048 8
L 2 255 2 0.000199200 94295035868056 8
L 2 256 2 0.000199700 94295035868064 8
L 2 257 2 0.000200200 94295035868072 8
L 2 258 2 0.000200700 94295035868080 8
L 2 259 2 0.000201200 94295035868088 8
L 2 260 2 0.000201600 94295035868096 8
L 2 261 2 0.000202100 94295035868104 8
L 2 262 2 0.000258600 94295035867952 8
L 2 263 2 0.000260200 94295035867960 8
L 2 264 2 0.000261000 94295035867968 8
L 2 265 2 0.000261800 94295035867976 8
L 2 266 2 0.000263300 94295035867984 8
L 2 267 2 0.000264200 94295035867992 8
L 2 268 2 0.000264900 94295035868000 8
L 2 269 2 0.000265900 94295035868008 8
L 2 270 2 0.000266600 94295035868016 8
L 2 271 2 0.000267600 94295035868024 8
L 2 272 2 0.000268500 94295035868032 8
L 2 273 2 0.000269200 94295035868040 8
L 2 274 2 0.000270200 94295035868048 8
L 2 275 2 0.000271100 94295035868056 8
L 2 276 2 0.000271800 94295035868064 8
L 2 277 2 0.000272500 94295035868072 8
L 2 278 2 0.000273200 94295035868080 8
L 2 279 2 0.000273900 94295035868088 8
L 2 280 2 0.000274600 94295035868096 8
L 2 281 2 0.000275400 94295035868104 8
F 282 5114.747173900 0.000279300
